This file contains any messages produced by compilers while
running configure, to aid debugging if configure makes a mistake.

It was created by configure, which was
generated by GNU Autoconf 2.68.  Invocation command line was

  $ ./configure 

## --------- ##
## Platform. ##
## --------- ##

hostname = GaijinSmash
uname -m = x86_64
uname -r = 4.2.0-35-generic
uname -s = Linux
uname -v = #40-Ubuntu SMP Tue Mar 15 22:15:45 UTC 2016

/usr/bin/uname -p = unknown
/bin/uname -X     = unknown

/bin/arch              = unknown
/usr/bin/arch -k       = unknown
/usr/convex/getsysinfo = unknown
/usr/bin/hostinfo      = unknown
/bin/machine           = unknown
/usr/bin/oslevel       = unknown
/bin/universe          = unknown

PATH: /usr/local/sbin
PATH: /usr/local/bin
PATH: /usr/sbin
PATH: /usr/bin
PATH: /sbin
PATH: /bin
PATH: /usr/games
PATH: /usr/local/games


## ----------- ##
## Core tests. ##
## ----------- ##

configure:2366: checking build system type
configure:2380: result: x86_64-unknown-linux-gnu
configure:2400: checking host system type
configure:2413: result: x86_64-unknown-linux-gnu
configure:2433: checking target system type
configure:2446: result: x86_64-unknown-linux-gnu
configure:2490: checking for a BSD-compatible install
configure:2558: result: /usr/bin/install -c
configure:2569: checking whether build environment is sane
configure:2619: result: yes
configure:2760: checking for a thread-safe mkdir -p
configure:2799: result: /bin/mkdir -p
configure:2812: checking for gawk
configure:2828: found /usr/bin/gawk
configure:2839: result: gawk
configure:2850: checking whether make sets $(MAKE)
configure:2872: result: yes
configure:2958: checking whether make sets $(MAKE)
configure:2980: result: yes
configure:3001: checking for style of include used by make
configure:3029: result: GNU
configure:3100: checking for gcc
configure:3116: found /usr/bin/gcc
configure:3127: result: gcc
configure:3356: checking for C compiler version
configure:3365: gcc --version >&5
gcc (Ubuntu 5.2.1-22ubuntu2) 5.2.1 20151010
Copyright (C) 2015 Free Software Foundation, Inc.
This is free software; see the source for copying conditions.  There is NO
warranty; not even for MERCHANTABILITY or FITNESS FOR A PARTICULAR PURPOSE.

configure:3376: $? = 0
configure:3365: gcc -v >&5
Using built-in specs.
COLLECT_GCC=gcc
COLLECT_LTO_WRAPPER=/usr/lib/gcc/x86_64-linux-gnu/5/lto-wrapper
Target: x86_64-linux-gnu
Configured with: ../src/configure -v --with-pkgversion='Ubuntu 5.2.1-22ubuntu2' --with-bugurl=file:///usr/share/doc/gcc-5/README.Bugs --enable-languages=c,ada,c++,java,go,d,fortran,objc,obj-c++ --prefix=/usr --program-suffix=-5 --enable-shared --enable-linker-build-id --libexecdir=/usr/lib --without-included-gettext --enable-threads=posix --libdir=/usr/lib --enable-nls --with-sysroot=/ --enable-clocale=gnu --enable-libstdcxx-debug --enable-libstdcxx-time=yes --with-default-libstdcxx-abi=new --enable-gnu-unique-object --disable-vtable-verify --enable-libmpx --enable-plugin --with-system-zlib --disable-browser-plugin --enable-java-awt=gtk --enable-gtk-cairo --with-java-home=/usr/lib/jvm/java-1.5.0-gcj-5-amd64/jre --enable-java-home --with-jvm-root-dir=/usr/lib/jvm/java-1.5.0-gcj-5-amd64 --with-jvm-jar-dir=/usr/lib/jvm-exports/java-1.5.0-gcj-5-amd64 --with-arch-directory=amd64 --with-ecj-jar=/usr/share/java/eclipse-ecj.jar --enable-objc-gc --enable-multiarch --disable-werror --with-arch-32=i686 --with-abi=m64 --with-multilib-list=m32,m64,mx32 --enable-multilib --with-tune=generic --enable-checking=release --build=x86_64-linux-gnu --host=x86_64-linux-gnu --target=x86_64-linux-gnu
Thread model: posix
gcc version 5.2.1 20151010 (Ubuntu 5.2.1-22ubuntu2) 
configure:3376: $? = 0
configure:3365: gcc -V >&5
gcc: error: unrecognized command line option '-V'
gcc: fatal error: no input files
compilation terminated.
configure:3376: $? = 1
configure:3365: gcc -qversion >&5
gcc: error: unrecognized command line option '-qversion'
gcc: fatal error: no input files
compilation terminated.
configure:3376: $? = 1
configure:3396: checking whether the C compiler works
configure:3418: gcc    conftest.c  >&5
configure:3422: $? = 0
configure:3470: result: yes
configure:3473: checking for C compiler default output file name
configure:3475: result: a.out
configure:3481: checking for suffix of executables
configure:3488: gcc -o conftest    conftest.c  >&5
configure:3492: $? = 0
configure:3514: result: 
configure:3536: checking whether we are cross compiling
configure:3544: gcc -o conftest    conftest.c  >&5
configure:3548: $? = 0
configure:3555: ./conftest
configure:3559: $? = 0
configure:3574: result: no
configure:3579: checking for suffix of object files
configure:3601: gcc -c   conftest.c >&5
configure:3605: $? = 0
configure:3626: result: o
configure:3630: checking whether we are using the GNU C compiler
configure:3649: gcc -c   conftest.c >&5
configure:3649: $? = 0
configure:3658: result: yes
configure:3667: checking whether gcc accepts -g
configure:3687: gcc -c -g  conftest.c >&5
configure:3687: $? = 0
configure:3728: result: yes
configure:3745: checking for gcc option to accept ISO C89
configure:3809: gcc  -c -g -O2  conftest.c >&5
configure:3809: $? = 0
configure:3822: result: none needed
configure:3844: checking dependency style of gcc
configure:3955: result: gcc3
configure:3971: checking for library containing strerror
configure:4002: gcc -o conftest -g -O2   conftest.c  >&5
configure:4002: $? = 0
configure:4019: result: none required
configure:4075: checking for gcc
configure:4102: result: gcc
configure:4331: checking for C compiler version
configure:4340: gcc --version >&5
gcc (Ubuntu 5.2.1-22ubuntu2) 5.2.1 20151010
Copyright (C) 2015 Free Software Foundation, Inc.
This is free software; see the source for copying conditions.  There is NO
warranty; not even for MERCHANTABILITY or FITNESS FOR A PARTICULAR PURPOSE.

configure:4351: $? = 0
configure:4340: gcc -v >&5
Using built-in specs.
COLLECT_GCC=gcc
COLLECT_LTO_WRAPPER=/usr/lib/gcc/x86_64-linux-gnu/5/lto-wrapper
Target: x86_64-linux-gnu
Configured with: ../src/configure -v --with-pkgversion='Ubuntu 5.2.1-22ubuntu2' --with-bugurl=file:///usr/share/doc/gcc-5/README.Bugs --enable-languages=c,ada,c++,java,go,d,fortran,objc,obj-c++ --prefix=/usr --program-suffix=-5 --enable-shared --enable-linker-build-id --libexecdir=/usr/lib --without-included-gettext --enable-threads=posix --libdir=/usr/lib --enable-nls --with-sysroot=/ --enable-clocale=gnu --enable-libstdcxx-debug --enable-libstdcxx-time=yes --with-default-libstdcxx-abi=new --enable-gnu-unique-object --disable-vtable-verify --enable-libmpx --enable-plugin --with-system-zlib --disable-browser-plugin --enable-java-awt=gtk --enable-gtk-cairo --with-java-home=/usr/lib/jvm/java-1.5.0-gcj-5-amd64/jre --enable-java-home --with-jvm-root-dir=/usr/lib/jvm/java-1.5.0-gcj-5-amd64 --with-jvm-jar-dir=/usr/lib/jvm-exports/java-1.5.0-gcj-5-amd64 --with-arch-directory=amd64 --with-ecj-jar=/usr/share/java/eclipse-ecj.jar --enable-objc-gc --enable-multiarch --disable-werror --with-arch-32=i686 --with-abi=m64 --with-multilib-list=m32,m64,mx32 --enable-multilib --with-tune=generic --enable-checking=release --build=x86_64-linux-gnu --host=x86_64-linux-gnu --target=x86_64-linux-gnu
Thread model: posix
gcc version 5.2.1 20151010 (Ubuntu 5.2.1-22ubuntu2) 
configure:4351: $? = 0
configure:4340: gcc -V >&5
gcc: error: unrecognized command line option '-V'
gcc: fatal error: no input files
compilation terminated.
configure:4351: $? = 1
configure:4340: gcc -qversion >&5
gcc: error: unrecognized command line option '-qversion'
gcc: fatal error: no input files
compilation terminated.
configure:4351: $? = 1
configure:4355: checking whether we are using the GNU C compiler
configure:4383: result: yes
configure:4392: checking whether gcc accepts -g
configure:4453: result: yes
configure:4470: checking for gcc option to accept ISO C89
configure:4547: result: none needed
configure:4569: checking dependency style of gcc
configure:4680: result: gcc3
configure:4743: checking for gcc
configure:4770: result: gcc
configure:4999: checking for C compiler version
configure:5008: gcc --version >&5
gcc (Ubuntu 5.2.1-22ubuntu2) 5.2.1 20151010
Copyright (C) 2015 Free Software Foundation, Inc.
This is free software; see the source for copying conditions.  There is NO
warranty; not even for MERCHANTABILITY or FITNESS FOR A PARTICULAR PURPOSE.

configure:5019: $? = 0
configure:5008: gcc -v >&5
Using built-in specs.
COLLECT_GCC=gcc
COLLECT_LTO_WRAPPER=/usr/lib/gcc/x86_64-linux-gnu/5/lto-wrapper
Target: x86_64-linux-gnu
Configured with: ../src/configure -v --with-pkgversion='Ubuntu 5.2.1-22ubuntu2' --with-bugurl=file:///usr/share/doc/gcc-5/README.Bugs --enable-languages=c,ada,c++,java,go,d,fortran,objc,obj-c++ --prefix=/usr --program-suffix=-5 --enable-shared --enable-linker-build-id --libexecdir=/usr/lib --without-included-gettext --enable-threads=posix --libdir=/usr/lib --enable-nls --with-sysroot=/ --enable-clocale=gnu --enable-libstdcxx-debug --enable-libstdcxx-time=yes --with-default-libstdcxx-abi=new --enable-gnu-unique-object --disable-vtable-verify --enable-libmpx --enable-plugin --with-system-zlib --disable-browser-plugin --enable-java-awt=gtk --enable-gtk-cairo --with-java-home=/usr/lib/jvm/java-1.5.0-gcj-5-amd64/jre --enable-java-home --with-jvm-root-dir=/usr/lib/jvm/java-1.5.0-gcj-5-amd64 --with-jvm-jar-dir=/usr/lib/jvm-exports/java-1.5.0-gcj-5-amd64 --with-arch-directory=amd64 --with-ecj-jar=/usr/share/java/eclipse-ecj.jar --enable-objc-gc --enable-multiarch --disable-werror --with-arch-32=i686 --with-abi=m64 --with-multilib-list=m32,m64,mx32 --enable-multilib --with-tune=generic --enable-checking=release --build=x86_64-linux-gnu --host=x86_64-linux-gnu --target=x86_64-linux-gnu
Thread model: posix
gcc version 5.2.1 20151010 (Ubuntu 5.2.1-22ubuntu2) 
configure:5019: $? = 0
configure:5008: gcc -V >&5
gcc: error: unrecognized command line option '-V'
gcc: fatal error: no input files
compilation terminated.
configure:5019: $? = 1
configure:5008: gcc -qversion >&5
gcc: error: unrecognized command line option '-qversion'
gcc: fatal error: no input files
compilation terminated.
configure:5019: $? = 1
configure:5023: checking whether we are using the GNU C compiler
configure:5051: result: yes
configure:5060: checking whether gcc accepts -g
configure:5121: result: yes
configure:5138: checking for gcc option to accept ISO C89
configure:5215: result: none needed
configure:5237: checking dependency style of gcc
configure:5348: result: gcc3
configure:5366: checking for an ANSI C-conforming const
configure:5431: gcc -c -g -O2  conftest.c >&5
configure:5431: $? = 0
configure:5438: result: yes
configure:5446: checking for inline
configure:5462: gcc -c -g -O2  conftest.c >&5
configure:5462: $? = 0
configure:5470: result: inline
configure:5493: checking how to run the C preprocessor
configure:5524: gcc -E  conftest.c
configure:5524: $? = 0
configure:5538: gcc -E  conftest.c
conftest.c:11:28: fatal error: ac_nonexistent.h: No such file or directory
compilation terminated.
configure:5538: $? = 1
configure: failed program was:
| /* confdefs.h */
| #define PACKAGE_NAME ""
| #define PACKAGE_TARNAME ""
| #define PACKAGE_VERSION ""
| #define PACKAGE_STRING ""
| #define PACKAGE_BUGREPORT ""
| #define PACKAGE_URL ""
| #define PACKAGE "soundmodem"
| #define VERSION "0.18"
| /* end confdefs.h.  */
| #include <ac_nonexistent.h>
configure:5563: result: gcc -E
configure:5583: gcc -E  conftest.c
configure:5583: $? = 0
configure:5597: gcc -E  conftest.c
conftest.c:11:28: fatal error: ac_nonexistent.h: No such file or directory
compilation terminated.
configure:5597: $? = 1
configure: failed program was:
| /* confdefs.h */
| #define PACKAGE_NAME ""
| #define PACKAGE_TARNAME ""
| #define PACKAGE_VERSION ""
| #define PACKAGE_STRING ""
| #define PACKAGE_BUGREPORT ""
| #define PACKAGE_URL ""
| #define PACKAGE "soundmodem"
| #define VERSION "0.18"
| /* end confdefs.h.  */
| #include <ac_nonexistent.h>
configure:5626: checking for grep that handles long lines and -e
configure:5684: result: /bin/grep
configure:5689: checking for egrep
configure:5751: result: /bin/grep -E
configure:5756: checking for ANSI C header files
configure:5776: gcc -c -g -O2  conftest.c >&5
configure:5776: $? = 0
configure:5849: gcc -o conftest -g -O2   conftest.c  >&5
configure:5849: $? = 0
configure:5849: ./conftest
configure:5849: $? = 0
configure:5860: result: yes
configure:5873: checking for sys/types.h
configure:5873: gcc -c -g -O2  conftest.c >&5
configure:5873: $? = 0
configure:5873: result: yes
configure:5873: checking for sys/stat.h
configure:5873: gcc -c -g -O2  conftest.c >&5
configure:5873: $? = 0
configure:5873: result: yes
configure:5873: checking for stdlib.h
configure:5873: gcc -c -g -O2  conftest.c >&5
configure:5873: $? = 0
configure:5873: result: yes
configure:5873: checking for string.h
configure:5873: gcc -c -g -O2  conftest.c >&5
configure:5873: $? = 0
configure:5873: result: yes
configure:5873: checking for memory.h
configure:5873: gcc -c -g -O2  conftest.c >&5
configure:5873: $? = 0
configure:5873: result: yes
configure:5873: checking for strings.h
configure:5873: gcc -c -g -O2  conftest.c >&5
configure:5873: $? = 0
configure:5873: result: yes
configure:5873: checking for inttypes.h
configure:5873: gcc -c -g -O2  conftest.c >&5
configure:5873: $? = 0
configure:5873: result: yes
configure:5873: checking for stdint.h
configure:5873: gcc -c -g -O2  conftest.c >&5
configure:5873: $? = 0
configure:5873: result: yes
configure:5873: checking for unistd.h
configure:5873: gcc -c -g -O2  conftest.c >&5
configure:5873: $? = 0
configure:5873: result: yes
configure:5885: checking for size_t
configure:5885: gcc -c -g -O2  conftest.c >&5
configure:5885: $? = 0
configure:5885: gcc -c -g -O2  conftest.c >&5
conftest.c: In function 'main':
conftest.c:57:21: error: expected expression before ')' token
 if (sizeof ((size_t)))
                     ^
configure:5885: $? = 1
configure: failed program was:
| /* confdefs.h */
| #define PACKAGE_NAME ""
| #define PACKAGE_TARNAME ""
| #define PACKAGE_VERSION ""
| #define PACKAGE_STRING ""
| #define PACKAGE_BUGREPORT ""
| #define PACKAGE_URL ""
| #define PACKAGE "soundmodem"
| #define VERSION "0.18"
| #define STDC_HEADERS 1
| #define HAVE_SYS_TYPES_H 1
| #define HAVE_SYS_STAT_H 1
| #define HAVE_STDLIB_H 1
| #define HAVE_STRING_H 1
| #define HAVE_MEMORY_H 1
| #define HAVE_STRINGS_H 1
| #define HAVE_INTTYPES_H 1
| #define HAVE_STDINT_H 1
| #define HAVE_UNISTD_H 1
| /* end confdefs.h.  */
| #include <stdio.h>
| #ifdef HAVE_SYS_TYPES_H
| # include <sys/types.h>
| #endif
| #ifdef HAVE_SYS_STAT_H
| # include <sys/stat.h>
| #endif
| #ifdef STDC_HEADERS
| # include <stdlib.h>
| # include <stddef.h>
| #else
| # ifdef HAVE_STDLIB_H
| #  include <stdlib.h>
| # endif
| #endif
| #ifdef HAVE_STRING_H
| # if !defined STDC_HEADERS && defined HAVE_MEMORY_H
| #  include <memory.h>
| # endif
| # include <string.h>
| #endif
| #ifdef HAVE_STRINGS_H
| # include <strings.h>
| #endif
| #ifdef HAVE_INTTYPES_H
| # include <inttypes.h>
| #endif
| #ifdef HAVE_STDINT_H
| # include <stdint.h>
| #endif
| #ifdef HAVE_UNISTD_H
| # include <unistd.h>
| #endif
| int
| main ()
| {
| if (sizeof ((size_t)))
| 	    return 0;
|   ;
|   return 0;
| }
configure:5885: result: yes
configure:5898: checking for working alloca.h
configure:5915: gcc -o conftest -g -O2   conftest.c  >&5
configure:5915: $? = 0
configure:5923: result: yes
configure:5931: checking for alloca
configure:5968: gcc -o conftest -g -O2   conftest.c  >&5
configure:5968: $? = 0
configure:5976: result: yes
configure:6143: checking for g++
configure:6159: found /usr/bin/g++
configure:6170: result: g++
configure:6197: checking for C++ compiler version
configure:6206: g++ --version >&5
g++ (Ubuntu 5.2.1-22ubuntu2) 5.2.1 20151010
Copyright (C) 2015 Free Software Foundation, Inc.
This is free software; see the source for copying conditions.  There is NO
warranty; not even for MERCHANTABILITY or FITNESS FOR A PARTICULAR PURPOSE.

configure:6217: $? = 0
configure:6206: g++ -v >&5
Using built-in specs.
COLLECT_GCC=g++
COLLECT_LTO_WRAPPER=/usr/lib/gcc/x86_64-linux-gnu/5/lto-wrapper
Target: x86_64-linux-gnu
Configured with: ../src/configure -v --with-pkgversion='Ubuntu 5.2.1-22ubuntu2' --with-bugurl=file:///usr/share/doc/gcc-5/README.Bugs --enable-languages=c,ada,c++,java,go,d,fortran,objc,obj-c++ --prefix=/usr --program-suffix=-5 --enable-shared --enable-linker-build-id --libexecdir=/usr/lib --without-included-gettext --enable-threads=posix --libdir=/usr/lib --enable-nls --with-sysroot=/ --enable-clocale=gnu --enable-libstdcxx-debug --enable-libstdcxx-time=yes --with-default-libstdcxx-abi=new --enable-gnu-unique-object --disable-vtable-verify --enable-libmpx --enable-plugin --with-system-zlib --disable-browser-plugin --enable-java-awt=gtk --enable-gtk-cairo --with-java-home=/usr/lib/jvm/java-1.5.0-gcj-5-amd64/jre --enable-java-home --with-jvm-root-dir=/usr/lib/jvm/java-1.5.0-gcj-5-amd64 --with-jvm-jar-dir=/usr/lib/jvm-exports/java-1.5.0-gcj-5-amd64 --with-arch-directory=amd64 --with-ecj-jar=/usr/share/java/eclipse-ecj.jar --enable-objc-gc --enable-multiarch --disable-werror --with-arch-32=i686 --with-abi=m64 --with-multilib-list=m32,m64,mx32 --enable-multilib --with-tune=generic --enable-checking=release --build=x86_64-linux-gnu --host=x86_64-linux-gnu --target=x86_64-linux-gnu
Thread model: posix
gcc version 5.2.1 20151010 (Ubuntu 5.2.1-22ubuntu2) 
configure:6217: $? = 0
configure:6206: g++ -V >&5
g++: error: unrecognized command line option '-V'
g++: fatal error: no input files
compilation terminated.
configure:6217: $? = 1
configure:6206: g++ -qversion >&5
g++: error: unrecognized command line option '-qversion'
g++: fatal error: no input files
compilation terminated.
configure:6217: $? = 1
configure:6221: checking whether we are using the GNU C++ compiler
configure:6240: g++ -c   conftest.cpp >&5
configure:6240: $? = 0
configure:6249: result: yes
configure:6258: checking whether g++ accepts -g
configure:6278: g++ -c -g  conftest.cpp >&5
configure:6278: $? = 0
configure:6319: result: yes
configure:6344: checking dependency style of g++
configure:6455: result: gcc3
configure:6473: checking for ranlib
configure:6489: found /usr/bin/ranlib
configure:6501: result: ranlib
configure:6511: checking for dlltool
configure:6539: result: dlltool
configure:6549: checking for as
configure:6577: result: as
configure:6587: checking for ar
configure:6615: result: ar
configure:6625: checking for ld
configure:6653: result: ld
configure:6663: checking for windres
configure:6691: result: i686-pc-cygwin-windres
configure:6730: checking for sqrt in -lm
configure:6755: gcc -o conftest -g -O2   conftest.c -lm   >&5
conftest.c:30:6: warning: conflicting types for built-in function 'sqrt'
 char sqrt ();
      ^
configure:6755: $? = 0
configure:6764: result: yes
configure:6776: checking for pthread_create in -lpthread32
configure:6801: gcc -o conftest -g -O2   conftest.c -lpthread32  -lm  >&5
/usr/bin/ld: cannot find -lpthread32
collect2: error: ld returned 1 exit status
configure:6801: $? = 1
configure: failed program was:
| /* confdefs.h */
| #define PACKAGE_NAME ""
| #define PACKAGE_TARNAME ""
| #define PACKAGE_VERSION ""
| #define PACKAGE_STRING ""
| #define PACKAGE_BUGREPORT ""
| #define PACKAGE_URL ""
| #define PACKAGE "soundmodem"
| #define VERSION "0.18"
| #define STDC_HEADERS 1
| #define HAVE_SYS_TYPES_H 1
| #define HAVE_SYS_STAT_H 1
| #define HAVE_STDLIB_H 1
| #define HAVE_STRING_H 1
| #define HAVE_MEMORY_H 1
| #define HAVE_STRINGS_H 1
| #define HAVE_INTTYPES_H 1
| #define HAVE_STDINT_H 1
| #define HAVE_UNISTD_H 1
| #define HAVE_ALLOCA_H 1
| #define HAVE_ALLOCA 1
| #define HAVE_LIBM 1
| /* end confdefs.h.  */
| 
| /* Override any GCC internal prototype to avoid an error.
|    Use char because int might match the return type of a GCC
|    builtin and then its argument prototype would still apply.  */
| #ifdef __cplusplus
| extern "C"
| #endif
| char pthread_create ();
| int
| main ()
| {
| return pthread_create ();
|   ;
|   return 0;
| }
configure:6810: result: no
configure:6815: checking for pthread_create in -lpthread
configure:6840: gcc -o conftest -g -O2   conftest.c -lpthread  -lm  >&5
configure:6840: $? = 0
configure:6849: result: yes
configure:6857: checking for sched_setscheduler in -lposix4
configure:6882: gcc -o conftest -g -O2   conftest.c -lposix4  -lm  >&5
/usr/bin/ld: cannot find -lposix4
collect2: error: ld returned 1 exit status
configure:6882: $? = 1
configure: failed program was:
| /* confdefs.h */
| #define PACKAGE_NAME ""
| #define PACKAGE_TARNAME ""
| #define PACKAGE_VERSION ""
| #define PACKAGE_STRING ""
| #define PACKAGE_BUGREPORT ""
| #define PACKAGE_URL ""
| #define PACKAGE "soundmodem"
| #define VERSION "0.18"
| #define STDC_HEADERS 1
| #define HAVE_SYS_TYPES_H 1
| #define HAVE_SYS_STAT_H 1
| #define HAVE_STDLIB_H 1
| #define HAVE_STRING_H 1
| #define HAVE_MEMORY_H 1
| #define HAVE_STRINGS_H 1
| #define HAVE_INTTYPES_H 1
| #define HAVE_STDINT_H 1
| #define HAVE_UNISTD_H 1
| #define HAVE_ALLOCA_H 1
| #define HAVE_ALLOCA 1
| #define HAVE_LIBM 1
| /* end confdefs.h.  */
| 
| /* Override any GCC internal prototype to avoid an error.
|    Use char because int might match the return type of a GCC
|    builtin and then its argument prototype would still apply.  */
| #ifdef __cplusplus
| extern "C"
| #endif
| char sched_setscheduler ();
| int
| main ()
| {
| return sched_setscheduler ();
|   ;
|   return 0;
| }
configure:6891: result: no
configure:6902: checking for GUID_NULL in -luuid
configure:6927: gcc -o conftest -g -O2   conftest.c -luuid  -lm  >&5
/usr/bin/ld: cannot find -luuid
collect2: error: ld returned 1 exit status
configure:6927: $? = 1
configure: failed program was:
| /* confdefs.h */
| #define PACKAGE_NAME ""
| #define PACKAGE_TARNAME ""
| #define PACKAGE_VERSION ""
| #define PACKAGE_STRING ""
| #define PACKAGE_BUGREPORT ""
| #define PACKAGE_URL ""
| #define PACKAGE "soundmodem"
| #define VERSION "0.18"
| #define STDC_HEADERS 1
| #define HAVE_SYS_TYPES_H 1
| #define HAVE_SYS_STAT_H 1
| #define HAVE_STDLIB_H 1
| #define HAVE_STRING_H 1
| #define HAVE_MEMORY_H 1
| #define HAVE_STRINGS_H 1
| #define HAVE_INTTYPES_H 1
| #define HAVE_STDINT_H 1
| #define HAVE_UNISTD_H 1
| #define HAVE_ALLOCA_H 1
| #define HAVE_ALLOCA 1
| #define HAVE_LIBM 1
| /* end confdefs.h.  */
| 
| /* Override any GCC internal prototype to avoid an error.
|    Use char because int might match the return type of a GCC
|    builtin and then its argument prototype would still apply.  */
| #ifdef __cplusplus
| extern "C"
| #endif
| char GUID_NULL ();
| int
| main ()
| {
| return GUID_NULL ();
|   ;
|   return 0;
| }
configure:6936: result: no
configure:6949: checking for getopt_long
configure:6949: gcc -o conftest -g -O2   conftest.c -lm  >&5
configure:6949: $? = 0
configure:6949: result: yes
configure:6973: checking sys/audioio.h usability
configure:6973: gcc -c -g -O2  conftest.c >&5
conftest.c:58:25: fatal error: sys/audioio.h: No such file or directory
compilation terminated.
configure:6973: $? = 1
configure: failed program was:
| /* confdefs.h */
| #define PACKAGE_NAME ""
| #define PACKAGE_TARNAME ""
| #define PACKAGE_VERSION ""
| #define PACKAGE_STRING ""
| #define PACKAGE_BUGREPORT ""
| #define PACKAGE_URL ""
| #define PACKAGE "soundmodem"
| #define VERSION "0.18"
| #define STDC_HEADERS 1
| #define HAVE_SYS_TYPES_H 1
| #define HAVE_SYS_STAT_H 1
| #define HAVE_STDLIB_H 1
| #define HAVE_STRING_H 1
| #define HAVE_MEMORY_H 1
| #define HAVE_STRINGS_H 1
| #define HAVE_INTTYPES_H 1
| #define HAVE_STDINT_H 1
| #define HAVE_UNISTD_H 1
| #define HAVE_ALLOCA_H 1
| #define HAVE_ALLOCA 1
| #define HAVE_LIBM 1
| #define HAVE_GETOPT_LONG 1
| /* end confdefs.h.  */
| #include <stdio.h>
| #ifdef HAVE_SYS_TYPES_H
| # include <sys/types.h>
| #endif
| #ifdef HAVE_SYS_STAT_H
| # include <sys/stat.h>
| #endif
| #ifdef STDC_HEADERS
| # include <stdlib.h>
| # include <stddef.h>
| #else
| # ifdef HAVE_STDLIB_H
| #  include <stdlib.h>
| # endif
| #endif
| #ifdef HAVE_STRING_H
| # if !defined STDC_HEADERS && defined HAVE_MEMORY_H
| #  include <memory.h>
| # endif
| # include <string.h>
| #endif
| #ifdef HAVE_STRINGS_H
| # include <strings.h>
| #endif
| #ifdef HAVE_INTTYPES_H
| # include <inttypes.h>
| #endif
| #ifdef HAVE_STDINT_H
| # include <stdint.h>
| #endif
| #ifdef HAVE_UNISTD_H
| # include <unistd.h>
| #endif
| #include <sys/audioio.h>
configure:6973: result: no
configure:6973: checking sys/audioio.h presence
configure:6973: gcc -E  conftest.c
conftest.c:25:25: fatal error: sys/audioio.h: No such file or directory
compilation terminated.
configure:6973: $? = 1
configure: failed program was:
| /* confdefs.h */
| #define PACKAGE_NAME ""
| #define PACKAGE_TARNAME ""
| #define PACKAGE_VERSION ""
| #define PACKAGE_STRING ""
| #define PACKAGE_BUGREPORT ""
| #define PACKAGE_URL ""
| #define PACKAGE "soundmodem"
| #define VERSION "0.18"
| #define STDC_HEADERS 1
| #define HAVE_SYS_TYPES_H 1
| #define HAVE_SYS_STAT_H 1
| #define HAVE_STDLIB_H 1
| #define HAVE_STRING_H 1
| #define HAVE_MEMORY_H 1
| #define HAVE_STRINGS_H 1
| #define HAVE_INTTYPES_H 1
| #define HAVE_STDINT_H 1
| #define HAVE_UNISTD_H 1
| #define HAVE_ALLOCA_H 1
| #define HAVE_ALLOCA 1
| #define HAVE_LIBM 1
| #define HAVE_GETOPT_LONG 1
| /* end confdefs.h.  */
| #include <sys/audioio.h>
configure:6973: result: no
configure:6973: checking for sys/audioio.h
configure:6973: result: no
configure:6973: checking stropts.h usability
configure:6973: gcc -c -g -O2  conftest.c >&5
configure:6973: $? = 0
configure:6973: result: yes
configure:6973: checking stropts.h presence
configure:6973: gcc -E  conftest.c
configure:6973: $? = 0
configure:6973: result: yes
configure:6973: checking for stropts.h
configure:6973: result: yes
configure:6973: checking sys/conf.h usability
configure:6973: gcc -c -g -O2  conftest.c >&5
conftest.c:59:22: fatal error: sys/conf.h: No such file or directory
compilation terminated.
configure:6973: $? = 1
configure: failed program was:
| /* confdefs.h */
| #define PACKAGE_NAME ""
| #define PACKAGE_TARNAME ""
| #define PACKAGE_VERSION ""
| #define PACKAGE_STRING ""
| #define PACKAGE_BUGREPORT ""
| #define PACKAGE_URL ""
| #define PACKAGE "soundmodem"
| #define VERSION "0.18"
| #define STDC_HEADERS 1
| #define HAVE_SYS_TYPES_H 1
| #define HAVE_SYS_STAT_H 1
| #define HAVE_STDLIB_H 1
| #define HAVE_STRING_H 1
| #define HAVE_MEMORY_H 1
| #define HAVE_STRINGS_H 1
| #define HAVE_INTTYPES_H 1
| #define HAVE_STDINT_H 1
| #define HAVE_UNISTD_H 1
| #define HAVE_ALLOCA_H 1
| #define HAVE_ALLOCA 1
| #define HAVE_LIBM 1
| #define HAVE_GETOPT_LONG 1
| #define HAVE_STROPTS_H 1
| /* end confdefs.h.  */
| #include <stdio.h>
| #ifdef HAVE_SYS_TYPES_H
| # include <sys/types.h>
| #endif
| #ifdef HAVE_SYS_STAT_H
| # include <sys/stat.h>
| #endif
| #ifdef STDC_HEADERS
| # include <stdlib.h>
| # include <stddef.h>
| #else
| # ifdef HAVE_STDLIB_H
| #  include <stdlib.h>
| # endif
| #endif
| #ifdef HAVE_STRING_H
| # if !defined STDC_HEADERS && defined HAVE_MEMORY_H
| #  include <memory.h>
| # endif
| # include <string.h>
| #endif
| #ifdef HAVE_STRINGS_H
| # include <strings.h>
| #endif
| #ifdef HAVE_INTTYPES_H
| # include <inttypes.h>
| #endif
| #ifdef HAVE_STDINT_H
| # include <stdint.h>
| #endif
| #ifdef HAVE_UNISTD_H
| # include <unistd.h>
| #endif
| #include <sys/conf.h>
configure:6973: result: no
configure:6973: checking sys/conf.h presence
configure:6973: gcc -E  conftest.c
conftest.c:26:22: fatal error: sys/conf.h: No such file or directory
compilation terminated.
configure:6973: $? = 1
configure: failed program was:
| /* confdefs.h */
| #define PACKAGE_NAME ""
| #define PACKAGE_TARNAME ""
| #define PACKAGE_VERSION ""
| #define PACKAGE_STRING ""
| #define PACKAGE_BUGREPORT ""
| #define PACKAGE_URL ""
| #define PACKAGE "soundmodem"
| #define VERSION "0.18"
| #define STDC_HEADERS 1
| #define HAVE_SYS_TYPES_H 1
| #define HAVE_SYS_STAT_H 1
| #define HAVE_STDLIB_H 1
| #define HAVE_STRING_H 1
| #define HAVE_MEMORY_H 1
| #define HAVE_STRINGS_H 1
| #define HAVE_INTTYPES_H 1
| #define HAVE_STDINT_H 1
| #define HAVE_UNISTD_H 1
| #define HAVE_ALLOCA_H 1
| #define HAVE_ALLOCA 1
| #define HAVE_LIBM 1
| #define HAVE_GETOPT_LONG 1
| #define HAVE_STROPTS_H 1
| /* end confdefs.h.  */
| #include <sys/conf.h>
configure:6973: result: no
configure:6973: checking for sys/conf.h
configure:6973: result: no
configure:6973: checking sys/soundcard.h usability
configure:6973: gcc -c -g -O2  conftest.c >&5
configure:6973: $? = 0
configure:6973: result: yes
configure:6973: checking sys/soundcard.h presence
configure:6973: gcc -E  conftest.c
configure:6973: $? = 0
configure:6973: result: yes
configure:6973: checking for sys/soundcard.h
configure:6973: result: yes
configure:6973: checking sys/ioctl.h usability
configure:6973: gcc -c -g -O2  conftest.c >&5
configure:6973: $? = 0
configure:6973: result: yes
configure:6973: checking sys/ioctl.h presence
configure:6973: gcc -E  conftest.c
configure:6973: $? = 0
configure:6973: result: yes
configure:6973: checking for sys/ioctl.h
configure:6973: result: yes
configure:6973: checking time.h usability
configure:6973: gcc -c -g -O2  conftest.c >&5
configure:6973: $? = 0
configure:6973: result: yes
configure:6973: checking time.h presence
configure:6973: gcc -E  conftest.c
configure:6973: $? = 0
configure:6973: result: yes
configure:6973: checking for time.h
configure:6973: result: yes
configure:6973: checking for inttypes.h
configure:6973: result: yes
configure:6973: checking net/if_arp.h usability
configure:6973: gcc -c -g -O2  conftest.c >&5
configure:6973: $? = 0
configure:6973: result: yes
configure:6973: checking net/if_arp.h presence
configure:6973: gcc -E  conftest.c
configure:6973: $? = 0
configure:6973: result: yes
configure:6973: checking for net/if_arp.h
configure:6973: result: yes
configure:6986: checking pty.h usability
configure:6986: gcc -c -g -O2  conftest.c >&5
configure:6986: $? = 0
configure:6986: result: yes
configure:6986: checking pty.h presence
configure:6986: gcc -E  conftest.c
configure:6986: $? = 0
configure:6986: result: yes
configure:6986: checking for pty.h
configure:6986: result: yes
configure:6986: checking getopt.h usability
configure:6986: gcc -c -g -O2  conftest.c >&5
configure:6986: $? = 0
configure:6986: result: yes
configure:6986: checking getopt.h presence
configure:6986: gcc -E  conftest.c
configure:6986: $? = 0
configure:6986: result: yes
configure:6986: checking for getopt.h
configure:6986: result: yes
configure:6986: checking syslog.h usability
configure:6986: gcc -c -g -O2  conftest.c >&5
configure:6986: $? = 0
configure:6986: result: yes
configure:6986: checking syslog.h presence
configure:6986: gcc -E  conftest.c
configure:6986: $? = 0
configure:6986: result: yes
configure:6986: checking for syslog.h
configure:6986: result: yes
configure:6986: checking sched.h usability
configure:6986: gcc -c -g -O2  conftest.c >&5
configure:6986: $? = 0
configure:6986: result: yes
configure:6986: checking sched.h presence
configure:6986: gcc -E  conftest.c
configure:6986: $? = 0
configure:6986: result: yes
configure:6986: checking for sched.h
configure:6986: result: yes
configure:6986: checking linux/sockios.h usability
configure:6986: gcc -c -g -O2  conftest.c >&5
configure:6986: $? = 0
configure:6986: result: yes
configure:6986: checking linux/sockios.h presence
configure:6986: gcc -E  conftest.c
configure:6986: $? = 0
configure:6986: result: yes
configure:6986: checking for linux/sockios.h
configure:6986: result: yes
configure:6986: checking sys/ioccom.h usability
configure:6986: gcc -c -g -O2  conftest.c >&5
conftest.c:69:24: fatal error: sys/ioccom.h: No such file or directory
compilation terminated.
configure:6986: $? = 1
configure: failed program was:
| /* confdefs.h */
| #define PACKAGE_NAME ""
| #define PACKAGE_TARNAME ""
| #define PACKAGE_VERSION ""
| #define PACKAGE_STRING ""
| #define PACKAGE_BUGREPORT ""
| #define PACKAGE_URL ""
| #define PACKAGE "soundmodem"
| #define VERSION "0.18"
| #define STDC_HEADERS 1
| #define HAVE_SYS_TYPES_H 1
| #define HAVE_SYS_STAT_H 1
| #define HAVE_STDLIB_H 1
| #define HAVE_STRING_H 1
| #define HAVE_MEMORY_H 1
| #define HAVE_STRINGS_H 1
| #define HAVE_INTTYPES_H 1
| #define HAVE_STDINT_H 1
| #define HAVE_UNISTD_H 1
| #define HAVE_ALLOCA_H 1
| #define HAVE_ALLOCA 1
| #define HAVE_LIBM 1
| #define HAVE_GETOPT_LONG 1
| #define HAVE_STROPTS_H 1
| #define HAVE_SYS_SOUNDCARD_H 1
| #define HAVE_SYS_IOCTL_H 1
| #define HAVE_TIME_H 1
| #define HAVE_INTTYPES_H 1
| #define HAVE_NET_IF_ARP_H 1
| #define HAVE_PTY_H 1
| #define HAVE_GETOPT_H 1
| #define HAVE_SYSLOG_H 1
| #define HAVE_SCHED_H 1
| #define HAVE_LINUX_SOCKIOS_H 1
| /* end confdefs.h.  */
| #include <stdio.h>
| #ifdef HAVE_SYS_TYPES_H
| # include <sys/types.h>
| #endif
| #ifdef HAVE_SYS_STAT_H
| # include <sys/stat.h>
| #endif
| #ifdef STDC_HEADERS
| # include <stdlib.h>
| # include <stddef.h>
| #else
| # ifdef HAVE_STDLIB_H
| #  include <stdlib.h>
| # endif
| #endif
| #ifdef HAVE_STRING_H
| # if !defined STDC_HEADERS && defined HAVE_MEMORY_H
| #  include <memory.h>
| # endif
| # include <string.h>
| #endif
| #ifdef HAVE_STRINGS_H
| # include <strings.h>
| #endif
| #ifdef HAVE_INTTYPES_H
| # include <inttypes.h>
| #endif
| #ifdef HAVE_STDINT_H
| # include <stdint.h>
| #endif
| #ifdef HAVE_UNISTD_H
| # include <unistd.h>
| #endif
| #include <sys/ioccom.h>
configure:6986: result: no
configure:6986: checking sys/ioccom.h presence
configure:6986: gcc -E  conftest.c
conftest.c:36:24: fatal error: sys/ioccom.h: No such file or directory
compilation terminated.
configure:6986: $? = 1
configure: failed program was:
| /* confdefs.h */
| #define PACKAGE_NAME ""
| #define PACKAGE_TARNAME ""
| #define PACKAGE_VERSION ""
| #define PACKAGE_STRING ""
| #define PACKAGE_BUGREPORT ""
| #define PACKAGE_URL ""
| #define PACKAGE "soundmodem"
| #define VERSION "0.18"
| #define STDC_HEADERS 1
| #define HAVE_SYS_TYPES_H 1
| #define HAVE_SYS_STAT_H 1
| #define HAVE_STDLIB_H 1
| #define HAVE_STRING_H 1
| #define HAVE_MEMORY_H 1
| #define HAVE_STRINGS_H 1
| #define HAVE_INTTYPES_H 1
| #define HAVE_STDINT_H 1
| #define HAVE_UNISTD_H 1
| #define HAVE_ALLOCA_H 1
| #define HAVE_ALLOCA 1
| #define HAVE_LIBM 1
| #define HAVE_GETOPT_LONG 1
| #define HAVE_STROPTS_H 1
| #define HAVE_SYS_SOUNDCARD_H 1
| #define HAVE_SYS_IOCTL_H 1
| #define HAVE_TIME_H 1
| #define HAVE_INTTYPES_H 1
| #define HAVE_NET_IF_ARP_H 1
| #define HAVE_PTY_H 1
| #define HAVE_GETOPT_H 1
| #define HAVE_SYSLOG_H 1
| #define HAVE_SCHED_H 1
| #define HAVE_LINUX_SOCKIOS_H 1
| /* end confdefs.h.  */
| #include <sys/ioccom.h>
configure:6986: result: no
configure:6986: checking for sys/ioccom.h
configure:6986: result: no
configure:6986: checking linux/ppdev.h usability
configure:6986: gcc -c -g -O2  conftest.c >&5
configure:6986: $? = 0
configure:6986: result: yes
configure:6986: checking linux/ppdev.h presence
configure:6986: gcc -E  conftest.c
configure:6986: $? = 0
configure:6986: result: yes
configure:6986: checking for linux/ppdev.h
configure:6986: result: yes
configure:6999: checking for sys/socket.h
configure:6999: gcc -c -g -O2  conftest.c >&5
configure:6999: $? = 0
configure:6999: result: yes
configure:6999: checking for linux/if.h
configure:6999: gcc -c -g -O2  conftest.c >&5
configure:6999: $? = 0
configure:6999: result: yes
configure:7017: checking for sys/socket.h
configure:7017: result: yes
configure:7017: checking for linux/ax25.h
configure:7017: gcc -c -g -O2  conftest.c >&5
configure:7017: $? = 0
configure:7017: result: yes
configure:7035: checking for snprintf
configure:7035: gcc -o conftest -g -O2   conftest.c -lm  >&5
conftest.c:64:6: warning: conflicting types for built-in function 'snprintf'
 char snprintf ();
      ^
configure:7035: $? = 0
configure:7035: result: yes
configure:7035: checking for vsnprintf
configure:7035: gcc -o conftest -g -O2   conftest.c -lm  >&5
conftest.c:65:6: warning: conflicting types for built-in function 'vsnprintf'
 char vsnprintf ();
      ^
configure:7035: $? = 0
configure:7035: result: yes
configure:7035: checking for syslog
configure:7035: gcc -o conftest -g -O2   conftest.c -lm  >&5
configure:7035: $? = 0
configure:7035: result: yes
configure:7035: checking for vsyslog
configure:7035: gcc -o conftest -g -O2   conftest.c -lm  >&5
configure:7035: $? = 0
configure:7035: result: yes
configure:7035: checking for openlog
configure:7035: gcc -o conftest -g -O2   conftest.c -lm  >&5
configure:7035: $? = 0
configure:7035: result: yes
configure:7035: checking for closelog
configure:7035: gcc -o conftest -g -O2   conftest.c -lm  >&5
configure:7035: $? = 0
configure:7035: result: yes
configure:7046: checking for mlockall
configure:7046: gcc -o conftest -g -O2   conftest.c -lm  >&5
configure:7046: $? = 0
configure:7046: result: yes
configure:7056: checking for signed bittypes
configure:7070: gcc -c -g -O2  conftest.c >&5
configure:7070: $? = 0
configure:7076: result: yes
configure:7079: checking for unsigned bittypes
configure:7093: gcc -c -g -O2  conftest.c >&5
configure:7093: $? = 0
configure:7099: result: yes
configure:7102: checking return type of signal handlers
configure:7120: gcc -c -g -O2  conftest.c >&5
conftest.c: In function 'main':
conftest.c:56:9: error: void value not ignored as it ought to be
 return *(signal (0, 0)) (0) == 1;
         ^
configure:7120: $? = 1
configure: failed program was:
| /* confdefs.h */
| #define PACKAGE_NAME ""
| #define PACKAGE_TARNAME ""
| #define PACKAGE_VERSION ""
| #define PACKAGE_STRING ""
| #define PACKAGE_BUGREPORT ""
| #define PACKAGE_URL ""
| #define PACKAGE "soundmodem"
| #define VERSION "0.18"
| #define STDC_HEADERS 1
| #define HAVE_SYS_TYPES_H 1
| #define HAVE_SYS_STAT_H 1
| #define HAVE_STDLIB_H 1
| #define HAVE_STRING_H 1
| #define HAVE_MEMORY_H 1
| #define HAVE_STRINGS_H 1
| #define HAVE_INTTYPES_H 1
| #define HAVE_STDINT_H 1
| #define HAVE_UNISTD_H 1
| #define HAVE_ALLOCA_H 1
| #define HAVE_ALLOCA 1
| #define HAVE_LIBM 1
| #define HAVE_GETOPT_LONG 1
| #define HAVE_STROPTS_H 1
| #define HAVE_SYS_SOUNDCARD_H 1
| #define HAVE_SYS_IOCTL_H 1
| #define HAVE_TIME_H 1
| #define HAVE_INTTYPES_H 1
| #define HAVE_NET_IF_ARP_H 1
| #define HAVE_PTY_H 1
| #define HAVE_GETOPT_H 1
| #define HAVE_SYSLOG_H 1
| #define HAVE_SCHED_H 1
| #define HAVE_LINUX_SOCKIOS_H 1
| #define HAVE_LINUX_PPDEV_H 1
| #define HAVE_SYS_SOCKET_H 1
| #define HAVE_LINUX_IF_H 1
| #define HAVE_SYS_SOCKET_H 1
| #define HAVE_LINUX_AX25_H 1
| #define HAVE_SNPRINTF 1
| #define HAVE_VSNPRINTF 1
| #define HAVE_SYSLOG 1
| #define HAVE_VSYSLOG 1
| #define HAVE_OPENLOG 1
| #define HAVE_CLOSELOG 1
| #define HAVE_MLOCKALL 1
| #define HAVE_SIGNED_BITTYPES 1
| #define HAVE_UNSIGNED_BITTYPES 1
| /* end confdefs.h.  */
| #include <sys/types.h>
| #include <signal.h>
| 
| int
| main ()
| {
| return *(signal (0, 0)) (0) == 1;
|   ;
|   return 0;
| }
configure:7127: result: void
configure:7136: checking for M_PI
configure:7150: gcc -c -g -O2  conftest.c >&5
configure:7150: $? = 0
configure:7158: result: yes
configure:7161: checking for M_LOG10E
configure:7175: gcc -c -g -O2  conftest.c >&5
configure:7175: $? = 0
configure:7183: result: yes
configure:7219: checking for ALSA CFLAGS
configure:7225: result: 
configure:7228: checking for ALSA LDFLAGS
configure:7237: result:  -lasound -lm -ldl -lpthread
configure:7242: checking for libasound headers version >= 1.0.0
configure:7304: gcc -c -g -O2  conftest.c >&5
configure:7304: $? = 0
configure:7305: result: found.
configure:7324: checking for snd_ctl_open in -lasound
configure:7349: gcc -o conftest -g -O2   conftest.c -lasound   -lasound -lm -ldl -lpthread -lm  >&5
configure:7349: $? = 0
configure:7358: result: yes
configure:7401: checking whether NLS is requested
configure:7410: result: yes
configure:7451: checking for msgfmt
configure: trying /usr/bin/msgfmt...
0 translated messages.
configure:7483: result: /usr/bin/msgfmt
configure:7492: checking for gmsgfmt
configure:7523: result: /usr/bin/msgfmt
configure:7574: checking for xgettext
configure: trying /usr/bin/xgettext...
/usr/bin/xgettext: warning: file '/dev/null' extension '' is unknown; will try C
configure:7606: result: /usr/bin/xgettext
configure:7652: checking for msgmerge
configure: trying /usr/bin/msgmerge...
configure:7683: result: /usr/bin/msgmerge
configure:7740: checking for ld used by GCC
configure:7804: result: ld
configure:7811: checking if the linker (ld) is GNU ld
configure:7824: result: yes
configure:7831: checking for shared library run path origin
configure:7844: result: done
configure:8452: checking for GNU gettext in libc
configure:8472: gcc -o conftest -g -O2   conftest.c -lasound -lm -ldl -lpthread -lm >&5
configure:8472: $? = 0
configure:8481: result: yes
configure:9272: checking whether to use NLS
configure:9274: result: yes
configure:9277: checking where the gettext function comes from
configure:9288: result: libc
configure:9503: checking for pkg-config
configure:9521: found /usr/bin/pkg-config
configure:9533: result: /usr/bin/pkg-config
configure:9558: checking pkg-config is at least version 0.9.0
configure:9561: result: yes
configure:9571: checking for XML
configure:9578: $PKG_CONFIG --exists --print-errors "libxml-2.0"
configure:9581: $? = 0
configure:9594: $PKG_CONFIG --exists --print-errors "libxml-2.0"
configure:9597: $? = 0
configure:9656: result: yes
configure:9662: checking for GTK
configure:9669: $PKG_CONFIG --exists --print-errors "gtk+-2.0 >= 2.6.0"
configure:9672: $? = 0
configure:9685: $PKG_CONFIG --exists --print-errors "gtk+-2.0 >= 2.6.0"
configure:9688: $? = 0
configure:9747: result: yes
configure:9753: checking for AUDIOFILE
configure:9760: $PKG_CONFIG --exists --print-errors "audiofile"
configure:9763: $? = 0
configure:9776: $PKG_CONFIG --exists --print-errors "audiofile"
configure:9779: $? = 0
configure:9838: result: yes
configure:9849: checking for gtk_widget_set_tooltip_text
configure:9849: gcc -o conftest -g -O2   conftest.c -lgtk-x11-2.0 -lgdk-x11-2.0 -lpangocairo-1.0 -latk-1.0 -lcairo -lgdk_pixbuf-2.0 -lgio-2.0 -lpangoft2-1.0 -lpango-1.0 -lgobject-2.0 -lglib-2.0 -lfontconfig -lfreetype  -lasound -lm -ldl -lpthread -lm >&5
configure:9849: $? = 0
configure:9849: result: yes
configure:9849: checking for gtk_widget_is_drawable
configure:9849: gcc -o conftest -g -O2   conftest.c -lgtk-x11-2.0 -lgdk-x11-2.0 -lpangocairo-1.0 -latk-1.0 -lcairo -lgdk_pixbuf-2.0 -lgio-2.0 -lpangoft2-1.0 -lpango-1.0 -lgobject-2.0 -lglib-2.0 -lfontconfig -lfreetype  -lasound -lm -ldl -lpthread -lm >&5
configure:9849: $? = 0
configure:9849: result: yes
configure:9849: checking for gtk_widget_get_realized
configure:9849: gcc -o conftest -g -O2   conftest.c -lgtk-x11-2.0 -lgdk-x11-2.0 -lpangocairo-1.0 -latk-1.0 -lcairo -lgdk_pixbuf-2.0 -lgio-2.0 -lpangoft2-1.0 -lpango-1.0 -lgobject-2.0 -lglib-2.0 -lfontconfig -lfreetype  -lasound -lm -ldl -lpthread -lm >&5
configure:9849: $? = 0
configure:9849: result: yes
configure:9849: checking for gtk_widget_set_realized
configure:9849: gcc -o conftest -g -O2   conftest.c -lgtk-x11-2.0 -lgdk-x11-2.0 -lpangocairo-1.0 -latk-1.0 -lcairo -lgdk_pixbuf-2.0 -lgio-2.0 -lpangoft2-1.0 -lpango-1.0 -lgobject-2.0 -lglib-2.0 -lfontconfig -lfreetype  -lasound -lm -ldl -lpthread -lm >&5
configure:9849: $? = 0
configure:9849: result: yes
configure:9849: checking for gtk_widget_set_can_default
configure:9849: gcc -o conftest -g -O2   conftest.c -lgtk-x11-2.0 -lgdk-x11-2.0 -lpangocairo-1.0 -latk-1.0 -lcairo -lgdk_pixbuf-2.0 -lgio-2.0 -lpangoft2-1.0 -lpango-1.0 -lgobject-2.0 -lglib-2.0 -lfontconfig -lfreetype  -lasound -lm -ldl -lpthread -lm >&5
configure:9849: $? = 0
configure:9849: result: yes
configure:9849: checking for gtk_widget_set_can_focus
configure:9849: gcc -o conftest -g -O2   conftest.c -lgtk-x11-2.0 -lgdk-x11-2.0 -lpangocairo-1.0 -latk-1.0 -lcairo -lgdk_pixbuf-2.0 -lgio-2.0 -lpangoft2-1.0 -lpango-1.0 -lgobject-2.0 -lglib-2.0 -lfontconfig -lfreetype  -lasound -lm -ldl -lpthread -lm >&5
configure:9849: $? = 0
configure:9849: result: yes
configure:9849: checking for gtk_dialog_get_action_area
configure:9849: gcc -o conftest -g -O2   conftest.c -lgtk-x11-2.0 -lgdk-x11-2.0 -lpangocairo-1.0 -latk-1.0 -lcairo -lgdk_pixbuf-2.0 -lgio-2.0 -lpangoft2-1.0 -lpango-1.0 -lgobject-2.0 -lglib-2.0 -lfontconfig -lfreetype  -lasound -lm -ldl -lpthread -lm >&5
configure:9849: $? = 0
configure:9849: result: yes
configure:9849: checking for gtk_dialog_get_content_area
configure:9849: gcc -o conftest -g -O2   conftest.c -lgtk-x11-2.0 -lgdk-x11-2.0 -lpangocairo-1.0 -latk-1.0 -lcairo -lgdk_pixbuf-2.0 -lgio-2.0 -lpangoft2-1.0 -lpango-1.0 -lgobject-2.0 -lglib-2.0 -lfontconfig -lfreetype  -lasound -lm -ldl -lpthread -lm >&5
configure:9849: $? = 0
configure:9849: result: yes
configure:9849: checking for gtk_widget_get_allocation
configure:9849: gcc -o conftest -g -O2   conftest.c -lgtk-x11-2.0 -lgdk-x11-2.0 -lpangocairo-1.0 -latk-1.0 -lcairo -lgdk_pixbuf-2.0 -lgio-2.0 -lpangoft2-1.0 -lpango-1.0 -lgobject-2.0 -lglib-2.0 -lfontconfig -lfreetype  -lasound -lm -ldl -lpthread -lm >&5
configure:9849: $? = 0
configure:9849: result: yes
configure:9849: checking for gtk_widget_set_allocation
configure:9849: gcc -o conftest -g -O2   conftest.c -lgtk-x11-2.0 -lgdk-x11-2.0 -lpangocairo-1.0 -latk-1.0 -lcairo -lgdk_pixbuf-2.0 -lgio-2.0 -lpangoft2-1.0 -lpango-1.0 -lgobject-2.0 -lglib-2.0 -lfontconfig -lfreetype  -lasound -lm -ldl -lpthread -lm >&5
configure:9849: $? = 0
configure:9849: result: yes
configure:9849: checking for gtk_widget_get_state
configure:9849: gcc -o conftest -g -O2   conftest.c -lgtk-x11-2.0 -lgdk-x11-2.0 -lpangocairo-1.0 -latk-1.0 -lcairo -lgdk_pixbuf-2.0 -lgio-2.0 -lpangoft2-1.0 -lpango-1.0 -lgobject-2.0 -lglib-2.0 -lfontconfig -lfreetype  -lasound -lm -ldl -lpthread -lm >&5
configure:9849: $? = 0
configure:9849: result: yes
configure:9849: checking for gtk_widget_get_window
configure:9849: gcc -o conftest -g -O2   conftest.c -lgtk-x11-2.0 -lgdk-x11-2.0 -lpangocairo-1.0 -latk-1.0 -lcairo -lgdk_pixbuf-2.0 -lgio-2.0 -lpangoft2-1.0 -lpango-1.0 -lgobject-2.0 -lglib-2.0 -lfontconfig -lfreetype  -lasound -lm -ldl -lpthread -lm >&5
configure:9849: $? = 0
configure:9849: result: yes
configure:9849: checking for gtk_widget_set_window
configure:9849: gcc -o conftest -g -O2   conftest.c -lgtk-x11-2.0 -lgdk-x11-2.0 -lpangocairo-1.0 -latk-1.0 -lcairo -lgdk_pixbuf-2.0 -lgio-2.0 -lpangoft2-1.0 -lpango-1.0 -lgobject-2.0 -lglib-2.0 -lfontconfig -lfreetype  -lasound -lm -ldl -lpthread -lm >&5
configure:9849: $? = 0
configure:9849: result: yes
configure:9849: checking for gtk_widget_set_has_window
configure:9849: gcc -o conftest -g -O2   conftest.c -lgtk-x11-2.0 -lgdk-x11-2.0 -lpangocairo-1.0 -latk-1.0 -lcairo -lgdk_pixbuf-2.0 -lgio-2.0 -lpangoft2-1.0 -lpango-1.0 -lgobject-2.0 -lglib-2.0 -lfontconfig -lfreetype  -lasound -lm -ldl -lpthread -lm >&5
configure:9849: $? = 0
configure:9849: result: yes
configure:9849: checking for gtk_widget_style_attach
configure:9849: gcc -o conftest -g -O2   conftest.c -lgtk-x11-2.0 -lgdk-x11-2.0 -lpangocairo-1.0 -latk-1.0 -lcairo -lgdk_pixbuf-2.0 -lgio-2.0 -lpangoft2-1.0 -lpango-1.0 -lgobject-2.0 -lglib-2.0 -lfontconfig -lfreetype  -lasound -lm -ldl -lpthread -lm >&5
configure:9849: $? = 0
configure:9849: result: yes
configure:9873: checking for openpty in -lutil
configure:9898: gcc -o conftest -g -O2 -Wall -O2   conftest.c -lutil   >&5
configure:9898: $? = 0
configure:9907: result: yes
configure:9920: checking for openpty
configure:9920: gcc -o conftest -g -O2 -Wall -O2   conftest.c -lutil  >&5
configure:9920: $? = 0
configure:9920: result: yes
configure:9939: checking for rigerror in -lhamlib
configure:9964: gcc -o conftest -g -O2 -Wall -O2   conftest.c -lhamlib  -lasound -lm -ldl -lpthread -lm >&5
/usr/bin/ld: cannot find -lhamlib
collect2: error: ld returned 1 exit status
configure:9964: $? = 1
configure: failed program was:
| /* confdefs.h */
| #define PACKAGE_NAME ""
| #define PACKAGE_TARNAME ""
| #define PACKAGE_VERSION ""
| #define PACKAGE_STRING ""
| #define PACKAGE_BUGREPORT ""
| #define PACKAGE_URL ""
| #define PACKAGE "soundmodem"
| #define VERSION "0.18"
| #define STDC_HEADERS 1
| #define HAVE_SYS_TYPES_H 1
| #define HAVE_SYS_STAT_H 1
| #define HAVE_STDLIB_H 1
| #define HAVE_STRING_H 1
| #define HAVE_MEMORY_H 1
| #define HAVE_STRINGS_H 1
| #define HAVE_INTTYPES_H 1
| #define HAVE_STDINT_H 1
| #define HAVE_UNISTD_H 1
| #define HAVE_ALLOCA_H 1
| #define HAVE_ALLOCA 1
| #define HAVE_LIBM 1
| #define HAVE_GETOPT_LONG 1
| #define HAVE_STROPTS_H 1
| #define HAVE_SYS_SOUNDCARD_H 1
| #define HAVE_SYS_IOCTL_H 1
| #define HAVE_TIME_H 1
| #define HAVE_INTTYPES_H 1
| #define HAVE_NET_IF_ARP_H 1
| #define HAVE_PTY_H 1
| #define HAVE_GETOPT_H 1
| #define HAVE_SYSLOG_H 1
| #define HAVE_SCHED_H 1
| #define HAVE_LINUX_SOCKIOS_H 1
| #define HAVE_LINUX_PPDEV_H 1
| #define HAVE_SYS_SOCKET_H 1
| #define HAVE_LINUX_IF_H 1
| #define HAVE_SYS_SOCKET_H 1
| #define HAVE_LINUX_AX25_H 1
| #define HAVE_SNPRINTF 1
| #define HAVE_VSNPRINTF 1
| #define HAVE_SYSLOG 1
| #define HAVE_VSYSLOG 1
| #define HAVE_OPENLOG 1
| #define HAVE_CLOSELOG 1
| #define HAVE_MLOCKALL 1
| #define HAVE_SIGNED_BITTYPES 1
| #define HAVE_UNSIGNED_BITTYPES 1
| #define RETSIGTYPE void
| #define HAVE_LIBASOUND 1
| #define HAVE_ALSA 1
| #define ENABLE_NLS 1
| #define HAVE_GETTEXT 1
| #define HAVE_DCGETTEXT 1
| #define PACKAGE_LOCALE_DIR "/usr/local//locale"
| #define PACKAGE_DATA_DIR "${datarootdir}/soundmodem"
| #define PACKAGE_SOURCE_DIR "/home/creichle/soundmodem/soundmodem-0.18"
| #define HAVE_GTK_WIDGET_SET_TOOLTIP_TEXT 1
| #define HAVE_GTK_WIDGET_IS_DRAWABLE 1
| #define HAVE_GTK_WIDGET_GET_REALIZED 1
| #define HAVE_GTK_WIDGET_SET_REALIZED 1
| #define HAVE_GTK_WIDGET_SET_CAN_DEFAULT 1
| #define HAVE_GTK_WIDGET_SET_CAN_FOCUS 1
| #define HAVE_GTK_DIALOG_GET_ACTION_AREA 1
| #define HAVE_GTK_DIALOG_GET_CONTENT_AREA 1
| #define HAVE_GTK_WIDGET_GET_ALLOCATION 1
| #define HAVE_GTK_WIDGET_SET_ALLOCATION 1
| #define HAVE_GTK_WIDGET_GET_STATE 1
| #define HAVE_GTK_WIDGET_GET_WINDOW 1
| #define HAVE_GTK_WIDGET_SET_WINDOW 1
| #define HAVE_GTK_WIDGET_SET_HAS_WINDOW 1
| #define HAVE_GTK_WIDGET_STYLE_ATTACH 1
| #define HAVE_LIBUTIL 1
| #define HAVE_OPENPTY 1
| /* end confdefs.h.  */
| 
| /* Override any GCC internal prototype to avoid an error.
|    Use char because int might match the return type of a GCC
|    builtin and then its argument prototype would still apply.  */
| #ifdef __cplusplus
| extern "C"
| #endif
| char rigerror ();
| int
| main ()
| {
| return rigerror ();
|   ;
|   return 0;
| }
configure:9973: result: no
configure:9987: checking for DirectX includes
configure:10001: gcc -c -g -O2 -Wall -O2 -I./directx/include -I./directx/include/directx6  conftest.c >&5
In file included from conftest.c:76:0:
./directx/include/directx.h:7:21: fatal error: windows.h: No such file or directory
compilation terminated.
configure:10001: $? = 1
configure: failed program was:
| /* confdefs.h */
| #define PACKAGE_NAME ""
| #define PACKAGE_TARNAME ""
| #define PACKAGE_VERSION ""
| #define PACKAGE_STRING ""
| #define PACKAGE_BUGREPORT ""
| #define PACKAGE_URL ""
| #define PACKAGE "soundmodem"
| #define VERSION "0.18"
| #define STDC_HEADERS 1
| #define HAVE_SYS_TYPES_H 1
| #define HAVE_SYS_STAT_H 1
| #define HAVE_STDLIB_H 1
| #define HAVE_STRING_H 1
| #define HAVE_MEMORY_H 1
| #define HAVE_STRINGS_H 1
| #define HAVE_INTTYPES_H 1
| #define HAVE_STDINT_H 1
| #define HAVE_UNISTD_H 1
| #define HAVE_ALLOCA_H 1
| #define HAVE_ALLOCA 1
| #define HAVE_LIBM 1
| #define HAVE_GETOPT_LONG 1
| #define HAVE_STROPTS_H 1
| #define HAVE_SYS_SOUNDCARD_H 1
| #define HAVE_SYS_IOCTL_H 1
| #define HAVE_TIME_H 1
| #define HAVE_INTTYPES_H 1
| #define HAVE_NET_IF_ARP_H 1
| #define HAVE_PTY_H 1
| #define HAVE_GETOPT_H 1
| #define HAVE_SYSLOG_H 1
| #define HAVE_SCHED_H 1
| #define HAVE_LINUX_SOCKIOS_H 1
| #define HAVE_LINUX_PPDEV_H 1
| #define HAVE_SYS_SOCKET_H 1
| #define HAVE_LINUX_IF_H 1
| #define HAVE_SYS_SOCKET_H 1
| #define HAVE_LINUX_AX25_H 1
| #define HAVE_SNPRINTF 1
| #define HAVE_VSNPRINTF 1
| #define HAVE_SYSLOG 1
| #define HAVE_VSYSLOG 1
| #define HAVE_OPENLOG 1
| #define HAVE_CLOSELOG 1
| #define HAVE_MLOCKALL 1
| #define HAVE_SIGNED_BITTYPES 1
| #define HAVE_UNSIGNED_BITTYPES 1
| #define RETSIGTYPE void
| #define HAVE_LIBASOUND 1
| #define HAVE_ALSA 1
| #define ENABLE_NLS 1
| #define HAVE_GETTEXT 1
| #define HAVE_DCGETTEXT 1
| #define PACKAGE_LOCALE_DIR "/usr/local//locale"
| #define PACKAGE_DATA_DIR "${datarootdir}/soundmodem"
| #define PACKAGE_SOURCE_DIR "/home/creichle/soundmodem/soundmodem-0.18"
| #define HAVE_GTK_WIDGET_SET_TOOLTIP_TEXT 1
| #define HAVE_GTK_WIDGET_IS_DRAWABLE 1
| #define HAVE_GTK_WIDGET_GET_REALIZED 1
| #define HAVE_GTK_WIDGET_SET_REALIZED 1
| #define HAVE_GTK_WIDGET_SET_CAN_DEFAULT 1
| #define HAVE_GTK_WIDGET_SET_CAN_FOCUS 1
| #define HAVE_GTK_DIALOG_GET_ACTION_AREA 1
| #define HAVE_GTK_DIALOG_GET_CONTENT_AREA 1
| #define HAVE_GTK_WIDGET_GET_ALLOCATION 1
| #define HAVE_GTK_WIDGET_SET_ALLOCATION 1
| #define HAVE_GTK_WIDGET_GET_STATE 1
| #define HAVE_GTK_WIDGET_GET_WINDOW 1
| #define HAVE_GTK_WIDGET_SET_WINDOW 1
| #define HAVE_GTK_WIDGET_SET_HAS_WINDOW 1
| #define HAVE_GTK_WIDGET_STYLE_ATTACH 1
| #define HAVE_LIBUTIL 1
| #define HAVE_OPENPTY 1
| /* end confdefs.h.  */
| #include <directx.h>
| int
| main ()
| {
|  LPDIRECTSOUND dsplay; LPDIRECTSOUNDCAPTURE dsrec;
|   ;
|   return 0;
| }
configure:10007: result: no
configure:10011: checking for ifr_newname in struct ifreq
configure:10025: gcc -c -g -O2 -Wall -O2  conftest.c >&5
In file included from conftest.c:76:0:
/usr/include/linux/if.h:211:19: error: field 'ifru_addr' has incomplete type
   struct sockaddr ifru_addr;
                   ^
/usr/include/linux/if.h:212:19: error: field 'ifru_dstaddr' has incomplete type
   struct sockaddr ifru_dstaddr;
                   ^
/usr/include/linux/if.h:213:19: error: field 'ifru_broadaddr' has incomplete type
   struct sockaddr ifru_broadaddr;
                   ^
/usr/include/linux/if.h:214:19: error: field 'ifru_netmask' has incomplete type
   struct sockaddr ifru_netmask;
                   ^
/usr/include/linux/if.h:215:20: error: field 'ifru_hwaddr' has incomplete type
   struct  sockaddr ifru_hwaddr;
                    ^
conftest.c: In function 'main':
conftest.c:80:14: warning: variable 'ifr' set but not used [-Wunused-but-set-variable]
 struct ifreq ifr; ifr.ifr_newname[0]=0;
              ^
configure:10025: $? = 1
configure: failed program was:
| /* confdefs.h */
| #define PACKAGE_NAME ""
| #define PACKAGE_TARNAME ""
| #define PACKAGE_VERSION ""
| #define PACKAGE_STRING ""
| #define PACKAGE_BUGREPORT ""
| #define PACKAGE_URL ""
| #define PACKAGE "soundmodem"
| #define VERSION "0.18"
| #define STDC_HEADERS 1
| #define HAVE_SYS_TYPES_H 1
| #define HAVE_SYS_STAT_H 1
| #define HAVE_STDLIB_H 1
| #define HAVE_STRING_H 1
| #define HAVE_MEMORY_H 1
| #define HAVE_STRINGS_H 1
| #define HAVE_INTTYPES_H 1
| #define HAVE_STDINT_H 1
| #define HAVE_UNISTD_H 1
| #define HAVE_ALLOCA_H 1
| #define HAVE_ALLOCA 1
| #define HAVE_LIBM 1
| #define HAVE_GETOPT_LONG 1
| #define HAVE_STROPTS_H 1
| #define HAVE_SYS_SOUNDCARD_H 1
| #define HAVE_SYS_IOCTL_H 1
| #define HAVE_TIME_H 1
| #define HAVE_INTTYPES_H 1
| #define HAVE_NET_IF_ARP_H 1
| #define HAVE_PTY_H 1
| #define HAVE_GETOPT_H 1
| #define HAVE_SYSLOG_H 1
| #define HAVE_SCHED_H 1
| #define HAVE_LINUX_SOCKIOS_H 1
| #define HAVE_LINUX_PPDEV_H 1
| #define HAVE_SYS_SOCKET_H 1
| #define HAVE_LINUX_IF_H 1
| #define HAVE_SYS_SOCKET_H 1
| #define HAVE_LINUX_AX25_H 1
| #define HAVE_SNPRINTF 1
| #define HAVE_VSNPRINTF 1
| #define HAVE_SYSLOG 1
| #define HAVE_VSYSLOG 1
| #define HAVE_OPENLOG 1
| #define HAVE_CLOSELOG 1
| #define HAVE_MLOCKALL 1
| #define HAVE_SIGNED_BITTYPES 1
| #define HAVE_UNSIGNED_BITTYPES 1
| #define RETSIGTYPE void
| #define HAVE_LIBASOUND 1
| #define HAVE_ALSA 1
| #define ENABLE_NLS 1
| #define HAVE_GETTEXT 1
| #define HAVE_DCGETTEXT 1
| #define PACKAGE_LOCALE_DIR "/usr/local//locale"
| #define PACKAGE_DATA_DIR "${datarootdir}/soundmodem"
| #define PACKAGE_SOURCE_DIR "/home/creichle/soundmodem/soundmodem-0.18"
| #define HAVE_GTK_WIDGET_SET_TOOLTIP_TEXT 1
| #define HAVE_GTK_WIDGET_IS_DRAWABLE 1
| #define HAVE_GTK_WIDGET_GET_REALIZED 1
| #define HAVE_GTK_WIDGET_SET_REALIZED 1
| #define HAVE_GTK_WIDGET_SET_CAN_DEFAULT 1
| #define HAVE_GTK_WIDGET_SET_CAN_FOCUS 1
| #define HAVE_GTK_DIALOG_GET_ACTION_AREA 1
| #define HAVE_GTK_DIALOG_GET_CONTENT_AREA 1
| #define HAVE_GTK_WIDGET_GET_ALLOCATION 1
| #define HAVE_GTK_WIDGET_SET_ALLOCATION 1
| #define HAVE_GTK_WIDGET_GET_STATE 1
| #define HAVE_GTK_WIDGET_GET_WINDOW 1
| #define HAVE_GTK_WIDGET_SET_WINDOW 1
| #define HAVE_GTK_WIDGET_SET_HAS_WINDOW 1
| #define HAVE_GTK_WIDGET_STYLE_ATTACH 1
| #define HAVE_LIBUTIL 1
| #define HAVE_OPENPTY 1
| /* end confdefs.h.  */
| #include <linux/if.h>
| int
| main ()
| {
| struct ifreq ifr; ifr.ifr_newname[0]=0;
|   ;
|   return 0;
| }
configure:10031: result: no
configure:10038: checking for vsnprintf
configure:10038: result: yes
configure:10056: checking for random
configure:10056: gcc -o conftest -g -O2 -Wall -O2   conftest.c  >&5
configure:10056: $? = 0
configure:10056: result: yes
configure:10074: checking for MKISS (N_AX25 line discipline)
configure:10093: result: yes
configure:10365: creating ./config.status

## ---------------------- ##
## Running config.status. ##
## ---------------------- ##

This file was extended by config.status, which was
generated by GNU Autoconf 2.68.  Invocation command line was

  CONFIG_FILES    = 
  CONFIG_HEADERS  = 
  CONFIG_LINKS    = 
  CONFIG_COMMANDS = 
  $ ./config.status 

on GaijinSmash

config.status:1019: creating Makefile
config.status:1019: creating po/Makefile.in
config.status:1019: creating directx/Makefile
config.status:1019: creating libmisc/Makefile
config.status:1019: creating matlib/Makefile
config.status:1019: creating afsk/Makefile
config.status:1019: creating fsk/Makefile
config.status:1019: creating pammodem/Makefile
config.status:1019: creating pskmodem/Makefile
config.status:1019: creating newqpsk/Makefile
config.status:1019: creating p3dmodem/Makefile
config.status:1019: creating soundcard/Makefile
config.status:1019: creating flexdrv/Makefile
config.status:1019: creating doc/Makefile
config.status:1019: creating configapp/Makefile
config.status:1019: creating configapp/src/Makefile
config.status:1019: creating config.h
config.status:1248: executing depfiles commands
config.status:1248: executing po-directories commands

## ---------------- ##
## Cache variables. ##
## ---------------- ##

ac_cv_build=x86_64-unknown-linux-gnu
ac_cv_c_compiler_gnu=yes
ac_cv_c_const=yes
ac_cv_c_inline=inline
ac_cv_cxx_compiler_gnu=yes
ac_cv_env_AUDIOFILE_CFLAGS_set=
ac_cv_env_AUDIOFILE_CFLAGS_value=
ac_cv_env_AUDIOFILE_LIBS_set=
ac_cv_env_AUDIOFILE_LIBS_value=
ac_cv_env_CCC_set=
ac_cv_env_CCC_value=
ac_cv_env_CC_set=
ac_cv_env_CC_value=
ac_cv_env_CFLAGS_set=
ac_cv_env_CFLAGS_value=
ac_cv_env_CPPFLAGS_set=
ac_cv_env_CPPFLAGS_value=
ac_cv_env_CPP_set=
ac_cv_env_CPP_value=
ac_cv_env_CXXFLAGS_set=
ac_cv_env_CXXFLAGS_value=
ac_cv_env_CXX_set=
ac_cv_env_CXX_value=
ac_cv_env_GTK_CFLAGS_set=
ac_cv_env_GTK_CFLAGS_value=
ac_cv_env_GTK_LIBS_set=
ac_cv_env_GTK_LIBS_value=
ac_cv_env_LDFLAGS_set=
ac_cv_env_LDFLAGS_value=
ac_cv_env_LIBS_set=
ac_cv_env_LIBS_value=
ac_cv_env_PKG_CONFIG_LIBDIR_set=
ac_cv_env_PKG_CONFIG_LIBDIR_value=
ac_cv_env_PKG_CONFIG_PATH_set=
ac_cv_env_PKG_CONFIG_PATH_value=
ac_cv_env_PKG_CONFIG_set=
ac_cv_env_PKG_CONFIG_value=
ac_cv_env_XML_CFLAGS_set=
ac_cv_env_XML_CFLAGS_value=
ac_cv_env_XML_LIBS_set=
ac_cv_env_XML_LIBS_value=
ac_cv_env_build_alias_set=
ac_cv_env_build_alias_value=
ac_cv_env_host_alias_set=
ac_cv_env_host_alias_value=
ac_cv_env_target_alias_set=
ac_cv_env_target_alias_value=
ac_cv_func_alloca_works=yes
ac_cv_func_closelog=yes
ac_cv_func_getopt_long=yes
ac_cv_func_gtk_dialog_get_action_area=yes
ac_cv_func_gtk_dialog_get_content_area=yes
ac_cv_func_gtk_widget_get_allocation=yes
ac_cv_func_gtk_widget_get_realized=yes
ac_cv_func_gtk_widget_get_state=yes
ac_cv_func_gtk_widget_get_window=yes
ac_cv_func_gtk_widget_is_drawable=yes
ac_cv_func_gtk_widget_set_allocation=yes
ac_cv_func_gtk_widget_set_can_default=yes
ac_cv_func_gtk_widget_set_can_focus=yes
ac_cv_func_gtk_widget_set_has_window=yes
ac_cv_func_gtk_widget_set_realized=yes
ac_cv_func_gtk_widget_set_tooltip_text=yes
ac_cv_func_gtk_widget_set_window=yes
ac_cv_func_gtk_widget_style_attach=yes
ac_cv_func_mlockall=yes
ac_cv_func_openlog=yes
ac_cv_func_openpty=yes
ac_cv_func_random=yes
ac_cv_func_snprintf=yes
ac_cv_func_syslog=yes
ac_cv_func_vsnprintf=yes
ac_cv_func_vsyslog=yes
ac_cv_header_getopt_h=yes
ac_cv_header_inttypes_h=yes
ac_cv_header_linux_ax25_h=yes
ac_cv_header_linux_if_h=yes
ac_cv_header_linux_ppdev_h=yes
ac_cv_header_linux_sockios_h=yes
ac_cv_header_memory_h=yes
ac_cv_header_net_if_arp_h=yes
ac_cv_header_pty_h=yes
ac_cv_header_sched_h=yes
ac_cv_header_stdc=yes
ac_cv_header_stdint_h=yes
ac_cv_header_stdlib_h=yes
ac_cv_header_string_h=yes
ac_cv_header_strings_h=yes
ac_cv_header_stropts_h=yes
ac_cv_header_sys_audioio_h=no
ac_cv_header_sys_conf_h=no
ac_cv_header_sys_ioccom_h=no
ac_cv_header_sys_ioctl_h=yes
ac_cv_header_sys_socket_h=yes
ac_cv_header_sys_soundcard_h=yes
ac_cv_header_sys_stat_h=yes
ac_cv_header_sys_types_h=yes
ac_cv_header_syslog_h=yes
ac_cv_header_time_h=yes
ac_cv_header_unistd_h=yes
ac_cv_host=x86_64-unknown-linux-gnu
ac_cv_lib_asound_snd_ctl_open=yes
ac_cv_lib_hamlib_rigerror=no
ac_cv_lib_m_sqrt=yes
ac_cv_lib_posix4_sched_setscheduler=no
ac_cv_lib_pthread32_pthread_create=no
ac_cv_lib_pthread_pthread_create=yes
ac_cv_lib_util_openpty=yes
ac_cv_lib_uuid_GUID_NULL=no
ac_cv_objext=o
ac_cv_path_EGREP='/bin/grep -E'
ac_cv_path_GMSGFMT=/usr/bin/msgfmt
ac_cv_path_GREP=/bin/grep
ac_cv_path_MSGFMT=/usr/bin/msgfmt
ac_cv_path_MSGMERGE=/usr/bin/msgmerge
ac_cv_path_XGETTEXT=/usr/bin/xgettext
ac_cv_path_ac_pt_PKG_CONFIG=/usr/bin/pkg-config
ac_cv_path_install='/usr/bin/install -c'
ac_cv_path_mkdir=/bin/mkdir
ac_cv_prog_AR=ar
ac_cv_prog_AS=as
ac_cv_prog_AWK=gawk
ac_cv_prog_CPP='gcc -E'
ac_cv_prog_DLLTOOL=dlltool
ac_cv_prog_LD=ld
ac_cv_prog_RANLIB=ranlib
ac_cv_prog_WINDRES=i686-pc-cygwin-windres
ac_cv_prog_ac_ct_CC=gcc
ac_cv_prog_ac_ct_CXX=g++
ac_cv_prog_cc_c89=
ac_cv_prog_cc_g=yes
ac_cv_prog_cxx_g=yes
ac_cv_prog_make_make_set=yes
ac_cv_search_strerror='none required'
ac_cv_target=x86_64-unknown-linux-gnu
ac_cv_type_signal=void
ac_cv_type_size_t=yes
ac_cv_working_alloca_h=yes
acl_cv_hardcode_direct=no
acl_cv_hardcode_libdir_flag_spec='${wl}-rpath ${wl}$libdir'
acl_cv_hardcode_libdir_separator=
acl_cv_hardcode_minus_L=no
acl_cv_libext=a
acl_cv_libname_spec='lib$name'
acl_cv_library_names_spec='$libname$shrext'
acl_cv_path_LD=ld
acl_cv_prog_gnu_ld=yes
acl_cv_rpath=done
acl_cv_shlibext=so
acl_cv_wl=-Wl,
am_cv_CC_dependencies_compiler_type=gcc3
am_cv_CXX_dependencies_compiler_type=gcc3
am_cv_prog_cc_stdc=
gt_cv_func_gnugettext1_libc=yes
pkg_cv_AUDIOFILE_CFLAGS=
pkg_cv_AUDIOFILE_LIBS='-laudiofile '
pkg_cv_GTK_CFLAGS='-pthread -I/usr/include/gtk-2.0 -I/usr/lib/x86_64-linux-gnu/gtk-2.0/include -I/usr/include/gio-unix-2.0/ -I/usr/include/cairo -I/usr/include/pango-1.0 -I/usr/include/atk-1.0 -I/usr/include/cairo -I/usr/include/pixman-1 -I/usr/include/libpng12 -I/usr/include/gdk-pixbuf-2.0 -I/usr/include/libpng12 -I/usr/include/pango-1.0 -I/usr/include/harfbuzz -I/usr/include/pango-1.0 -I/usr/include/glib-2.0 -I/usr/lib/x86_64-linux-gnu/glib-2.0/include -I/usr/include/freetype2 '
pkg_cv_GTK_LIBS='-lgtk-x11-2.0 -lgdk-x11-2.0 -lpangocairo-1.0 -latk-1.0 -lcairo -lgdk_pixbuf-2.0 -lgio-2.0 -lpangoft2-1.0 -lpango-1.0 -lgobject-2.0 -lglib-2.0 -lfontconfig -lfreetype '
pkg_cv_XML_CFLAGS='-I/usr/include/libxml2 '
pkg_cv_XML_LIBS='-lxml2 '

## ----------------- ##
## Output variables. ##
## ----------------- ##

ACLOCAL='${SHELL} /home/creichle/soundmodem/soundmodem-0.18/missing --run aclocal-1.11'
ALLOCA=''
ALSA_CFLAGS=''
ALSA_LIBS=' -lasound -lm -ldl -lpthread'
AMDEPBACKSLASH='\'
AMDEP_FALSE='#'
AMDEP_TRUE=''
AMTAR='$${TAR-tar}'
AR='ar'
AS='as'
AUDIOFILE_CFLAGS=''
AUDIOFILE_LIBS='-laudiofile '
AUTOCONF='${SHELL} /home/creichle/soundmodem/soundmodem-0.18/missing --run autoconf'
AUTOHEADER='${SHELL} /home/creichle/soundmodem/soundmodem-0.18/missing --run autoheader'
AUTOMAKE='${SHELL} /home/creichle/soundmodem/soundmodem-0.18/missing --run automake-1.11'
AWK='gawk'
CC='gcc'
CCDEPMODE='depmode=gcc3'
CFLAGS='-g -O2 -Wall -O2'
CPP='gcc -E'
CPPFLAGS=''
CROSSCOMP_FALSE=''
CROSSCOMP_TRUE='#'
CXX='g++'
CXXDEPMODE='depmode=gcc3'
CXXFLAGS='-g -O2 -Wall -O2'
CYGPATH_W='echo'
DEFS='-DHAVE_CONFIG_H'
DEPDIR='.deps'
DIRECTX_FALSE=''
DIRECTX_TRUE='#'
DLLTOOL='dlltool'
ECHO_C=''
ECHO_N='-n'
ECHO_T=''
EGREP='/bin/grep -E'
EXEEXT=''
GETTEXT_MACRO_VERSION='0.18'
GMSGFMT='/usr/bin/msgfmt'
GMSGFMT_015='/usr/bin/msgfmt'
GREP='/bin/grep'
GTK_CFLAGS='-pthread -I/usr/include/gtk-2.0 -I/usr/lib/x86_64-linux-gnu/gtk-2.0/include -I/usr/include/gio-unix-2.0/ -I/usr/include/cairo -I/usr/include/pango-1.0 -I/usr/include/atk-1.0 -I/usr/include/cairo -I/usr/include/pixman-1 -I/usr/include/libpng12 -I/usr/include/gdk-pixbuf-2.0 -I/usr/include/libpng12 -I/usr/include/pango-1.0 -I/usr/include/harfbuzz -I/usr/include/pango-1.0 -I/usr/include/glib-2.0 -I/usr/lib/x86_64-linux-gnu/glib-2.0/include -I/usr/include/freetype2 '
GTK_LIBS='-lgtk-x11-2.0 -lgdk-x11-2.0 -lpangocairo-1.0 -latk-1.0 -lcairo -lgdk_pixbuf-2.0 -lgio-2.0 -lpangoft2-1.0 -lpango-1.0 -lgobject-2.0 -lglib-2.0 -lfontconfig -lfreetype '
HAVE_ALSA=''
HAVE_BITTYPES=''
HAVE_DIRECTX=''
HAVE_IFRNEWNAME=''
HAVE_MKISS=''
INSTALL_DATA='${INSTALL} -m 644'
INSTALL_PROGRAM='${INSTALL}'
INSTALL_SCRIPT='${INSTALL}'
INSTALL_STRIP_PROGRAM='$(install_sh) -c -s'
INTLLIBS=''
LD='ld'
LDFLAGS=''
LIBICONV='-liconv'
LIBINTL=''
LIBOBJS=''
LIBS='-lasound -lm -ldl -lpthread -lm'
LIBTHREAD=' -lpthread -lutil '
LTLIBICONV='-liconv'
LTLIBINTL=''
LTLIBOBJS=''
MAKEINFO='${SHELL} /home/creichle/soundmodem/soundmodem-0.18/missing --run makeinfo'
MKDIR_P='/bin/mkdir -p'
MSGFMT='/usr/bin/msgfmt'
MSGFMT_015='/usr/bin/msgfmt'
MSGMERGE='/usr/bin/msgmerge'
M_PI=''
OBJEXT='o'
PACKAGE='soundmodem'
PACKAGE_BUGREPORT=''
PACKAGE_NAME=''
PACKAGE_STRING=''
PACKAGE_TARNAME=''
PACKAGE_URL=''
PACKAGE_VERSION=''
PATH_SEPARATOR=':'
PKG_CONFIG='/usr/bin/pkg-config'
PKG_CONFIG_LIBDIR=''
PKG_CONFIG_PATH=''
POSUB='po'
PTHREAD_CFLAGS=''
PTHREAD_LIBS=''
RANLIB='ranlib'
SET_MAKE=''
SHELL='/bin/bash'
STRIP=''
USEMMX=''
USEMMX_FALSE=''
USEMMX_TRUE='#'
USEVIS=''
USEVIS_FALSE=''
USEVIS_TRUE='#'
USE_NLS='yes'
VERSION='0.18'
WIN32=''
WIN32_FALSE=''
WIN32_TRUE='#'
WINDRES='i686-pc-cygwin-windres'
XGETTEXT='/usr/bin/xgettext'
XGETTEXT_015='/usr/bin/xgettext'
XGETTEXT_EXTRA_OPTIONS=''
XML_CFLAGS='-I/usr/include/libxml2 '
XML_LIBS='-lxml2 '
ac_ct_CC='gcc'
ac_ct_CXX='g++'
am__EXEEXT_FALSE=''
am__EXEEXT_TRUE='#'
am__fastdepCC_FALSE='#'
am__fastdepCC_TRUE=''
am__fastdepCXX_FALSE='#'
am__fastdepCXX_TRUE=''
am__include='include'
am__isrc=''
am__leading_dot='.'
am__nodep='_no'
am__quote=''
am__tar='$${TAR-tar} chof - "$$tardir"'
am__untar='$${TAR-tar} xf -'
bindir='${exec_prefix}/bin'
build='x86_64-unknown-linux-gnu'
build_alias=''
build_cpu='x86_64'
build_os='linux-gnu'
build_vendor='unknown'
datadir='${datarootdir}'
datarootdir='${prefix}/share'
docdir='${datarootdir}/doc/${PACKAGE}'
dvidir='${docdir}'
exec_prefix='${prefix}'
host='x86_64-unknown-linux-gnu'
host_alias=''
host_cpu='x86_64'
host_os='linux-gnu'
host_vendor='unknown'
htmldir='${docdir}'
includedir='${prefix}/include'
infodir='${datarootdir}/info'
install_sh='${SHELL} /home/creichle/soundmodem/soundmodem-0.18/install-sh'
libdir='${exec_prefix}/lib'
libexecdir='${exec_prefix}/libexec'
localedir='${datarootdir}/locale'
localstatedir='${prefix}/var'
mandir='${datarootdir}/man'
mkdir_p='/bin/mkdir -p'
oldincludedir='/usr/include'
pdfdir='${docdir}'
prefix='/usr/local'
program_transform_name='s,x,x,'
psdir='${docdir}'
sbindir='${exec_prefix}/sbin'
sharedstatedir='${prefix}/com'
sysconfdir='${prefix}/etc'
target='x86_64-unknown-linux-gnu'
target_alias=''
target_cpu='x86_64'
target_os='linux-gnu'
target_vendor='unknown'

## ----------- ##
## confdefs.h. ##
## ----------- ##

/* confdefs.h */
#define PACKAGE_NAME ""
#define PACKAGE_TARNAME ""
#define PACKAGE_VERSION ""
#define PACKAGE_STRING ""
#define PACKAGE_BUGREPORT ""
#define PACKAGE_URL ""
#define PACKAGE "soundmodem"
#define VERSION "0.18"
#define STDC_HEADERS 1
#define HAVE_SYS_TYPES_H 1
#define HAVE_SYS_STAT_H 1
#define HAVE_STDLIB_H 1
#define HAVE_STRING_H 1
#define HAVE_MEMORY_H 1
#define HAVE_STRINGS_H 1
#define HAVE_INTTYPES_H 1
#define HAVE_STDINT_H 1
#define HAVE_UNISTD_H 1
#define HAVE_ALLOCA_H 1
#define HAVE_ALLOCA 1
#define HAVE_LIBM 1
#define HAVE_GETOPT_LONG 1
#define HAVE_STROPTS_H 1
#define HAVE_SYS_SOUNDCARD_H 1
#define HAVE_SYS_IOCTL_H 1
#define HAVE_TIME_H 1
#define HAVE_INTTYPES_H 1
#define HAVE_NET_IF_ARP_H 1
#define HAVE_PTY_H 1
#define HAVE_GETOPT_H 1
#define HAVE_SYSLOG_H 1
#define HAVE_SCHED_H 1
#define HAVE_LINUX_SOCKIOS_H 1
#define HAVE_LINUX_PPDEV_H 1
#define HAVE_SYS_SOCKET_H 1
#define HAVE_LINUX_IF_H 1
#define HAVE_SYS_SOCKET_H 1
#define HAVE_LINUX_AX25_H 1
#define HAVE_SNPRINTF 1
#define HAVE_VSNPRINTF 1
#define HAVE_SYSLOG 1
#define HAVE_VSYSLOG 1
#define HAVE_OPENLOG 1
#define HAVE_CLOSELOG 1
#define HAVE_MLOCKALL 1
#define HAVE_SIGNED_BITTYPES 1
#define HAVE_UNSIGNED_BITTYPES 1
#define RETSIGTYPE void
#define HAVE_LIBASOUND 1
#define HAVE_ALSA 1
#define ENABLE_NLS 1
#define HAVE_GETTEXT 1
#define HAVE_DCGETTEXT 1
#define PACKAGE_LOCALE_DIR "/usr/local//locale"
#define PACKAGE_DATA_DIR "${datarootdir}/soundmodem"
#define PACKAGE_SOURCE_DIR "/home/creichle/soundmodem/soundmodem-0.18"
#define HAVE_GTK_WIDGET_SET_TOOLTIP_TEXT 1
#define HAVE_GTK_WIDGET_IS_DRAWABLE 1
#define HAVE_GTK_WIDGET_GET_REALIZED 1
#define HAVE_GTK_WIDGET_SET_REALIZED 1
#define HAVE_GTK_WIDGET_SET_CAN_DEFAULT 1
#define HAVE_GTK_WIDGET_SET_CAN_FOCUS 1
#define HAVE_GTK_DIALOG_GET_ACTION_AREA 1
#define HAVE_GTK_DIALOG_GET_CONTENT_AREA 1
#define HAVE_GTK_WIDGET_GET_ALLOCATION 1
#define HAVE_GTK_WIDGET_SET_ALLOCATION 1
#define HAVE_GTK_WIDGET_GET_STATE 1
#define HAVE_GTK_WIDGET_GET_WINDOW 1
#define HAVE_GTK_WIDGET_SET_WINDOW 1
#define HAVE_GTK_WIDGET_SET_HAS_WINDOW 1
#define HAVE_GTK_WIDGET_STYLE_ATTACH 1
#define HAVE_LIBUTIL 1
#define HAVE_OPENPTY 1
#define HAVE_VSNPRINTF 1
#define HAVE_RANDOM 1
#define HAVE_MKISS 1

configure: exit 0
